<?xml version="1.0" encoding="UTF-8"?>
<testsuite name="com.sequenceiq.ambari.client.AmbariTasksTest" tests="2" skipped="0" failures="0" errors="0" timestamp="2014-09-02T08:23:44" hostname="Richards-MacBook-Pro.local" time="0.197">
  <properties/>
  <testcase name="test get task as map" classname="com.sequenceiq.ambari.client.AmbariTasksTest" time="0.191"/>
  <testcase name="test get task as map for no tasks" classname="com.sequenceiq.ambari.client.AmbariTasksTest" time="0.005"/>
  <system-out><![CDATA[]]></system-out>
  <system-err><![CDATA[]]></system-err>
</testsuite>
