<?xml version="1.0" encoding="UTF-8"?>
<testsuite name="com.sequenceiq.ambari.client.AmbariRecommendTest" tests="4" skipped="0" failures="0" errors="0" timestamp="2014-09-02T08:23:43" hostname="Richards-MacBook-Pro.local" time="0.084">
  <properties/>
  <testcase name="test recommend for single node" classname="com.sequenceiq.ambari.client.AmbariRecommendTest" time="0.018"/>
  <testcase name="test recommend for invalid host number" classname="com.sequenceiq.ambari.client.AmbariRecommendTest" time="0.041"/>
  <testcase name="test recommend for no slave group" classname="com.sequenceiq.ambari.client.AmbariRecommendTest" time="0.014"/>
  <testcase name="test recommend for multi node" classname="com.sequenceiq.ambari.client.AmbariRecommendTest" time="0.01"/>
  <system-out><![CDATA[]]></system-out>
  <system-err><![CDATA[]]></system-err>
</testsuite>
