<?xml version="1.0" encoding="UTF-8"?>
<testsuite name="com.sequenceiq.ambari.client.AmbariHostsTest" tests="4" skipped="0" failures="0" errors="0" timestamp="2014-09-02T08:23:43" hostname="Richards-MacBook-Pro.local" time="0.445">
  <properties/>
  <testcase name="test get host components as map when there is no cluster yet" classname="com.sequenceiq.ambari.client.AmbariHostsTest" time="0.304"/>
  <testcase name="test get host components as map when there is a cluster" classname="com.sequenceiq.ambari.client.AmbariHostsTest" time="0.042"/>
  <testcase name="install host components to a host from an existing valid blueprint" classname="com.sequenceiq.ambari.client.AmbariHostsTest" time="0.087"/>
  <testcase name="install host components to a host from an existing valid blueprint but invalid group" classname="com.sequenceiq.ambari.client.AmbariHostsTest" time="0.011"/>
  <system-out><![CDATA[]]></system-out>
  <system-err><![CDATA[]]></system-err>
</testsuite>
