<?xml version="1.0" encoding="UTF-8"?>
<testsuite name="com.sequenceiq.ambari.client.AmbariServiceConfigurationTest" tests="2" skipped="0" failures="0" errors="0" timestamp="2014-09-02T08:23:43" hostname="Richards-MacBook-Pro.local" time="0.179">
  <properties/>
  <testcase name="test request service configurations map" classname="com.sequenceiq.ambari.client.AmbariServiceConfigurationTest" time="0.128"/>
  <testcase name="test request service configurations with multiple versions" classname="com.sequenceiq.ambari.client.AmbariServiceConfigurationTest" time="0.05"/>
  <system-out><![CDATA[]]></system-out>
  <system-err><![CDATA[]]></system-err>
</testsuite>
