<?xml version="1.0" encoding="UTF-8"?>
<testsuite name="com.sequenceiq.ambari.client.AmbariClustersTest" tests="2" skipped="0" failures="0" errors="0" timestamp="2014-09-02T08:23:43" hostname="Richards-MacBook-Pro.local" time="0.027">
  <properties/>
  <testcase name="test get cluster as JSON" classname="com.sequenceiq.ambari.client.AmbariClustersTest" time="0.021"/>
  <testcase name="test get clusters as JSON" classname="com.sequenceiq.ambari.client.AmbariClustersTest" time="0.006"/>
  <system-out><![CDATA[]]></system-out>
  <system-err><![CDATA[]]></system-err>
</testsuite>
