<?xml version="1.0" encoding="UTF-8"?>
<testsuite name="com.sequenceiq.ambari.client.AmbariServicesTest" tests="10" skipped="0" failures="0" errors="0" timestamp="2014-09-02T08:23:43" hostname="Richards-MacBook-Pro.local" time="0.272">
  <properties/>
  <testcase name="test get service components map" classname="com.sequenceiq.ambari.client.AmbariServicesTest" time="0.04"/>
  <testcase name="test get service components map for empty services" classname="com.sequenceiq.ambari.client.AmbariServicesTest" time="0.007"/>
  <testcase name="test get service components map for empty components" classname="com.sequenceiq.ambari.client.AmbariServicesTest" time="0.007"/>
  <testcase name="test get services as map" classname="com.sequenceiq.ambari.client.AmbariServicesTest" time="0.011"/>
  <testcase name="test get services as map for empty result" classname="com.sequenceiq.ambari.client.AmbariServicesTest" time="0.006"/>
  <testcase name="test services started" classname="com.sequenceiq.ambari.client.AmbariServicesTest" time="0.052"/>
  <testcase name="test services stopped" classname="com.sequenceiq.ambari.client.AmbariServicesTest" time="0.016"/>
  <testcase name="test stop all services" classname="com.sequenceiq.ambari.client.AmbariServicesTest" time="0.039"/>
  <testcase name="test start service ZOOKEEPER" classname="com.sequenceiq.ambari.client.AmbariServicesTest" time="0.057"/>
  <testcase name="test stop service ZOOKEEPER" classname="com.sequenceiq.ambari.client.AmbariServicesTest" time="0.02"/>
  <system-out><![CDATA[]]></system-out>
  <system-err><![CDATA[]]></system-err>
</testsuite>
